<?xml version="1.0" encoding="UTF-8"?>
<testsuite xmlns:xsi="http://www.w3.org/2001/XMLSchema-instance" xsi:noNamespaceSchemaLocation="https://maven.apache.org/surefire/maven-surefire-plugin/xsd/surefire-test-report-3.0.xsd" version="3.0" name="LogicielTest" time="0.071" tests="5" errors="0" skipped="0" failures="0">
  <properties>
[...]
</properties>
  <testcase name="testConstructeur" classname="LogicielTest" time="0.035"/>
  <testcase name="testListLogiciel" classname="LogicielTest" time="0.023"/>
  <testcase name="testConstructeur1" classname="LogicielTest" time="0"/>
  <testcase name="testConstructeur2" classname="LogicielTest" time="0.002"/>
  <testcase name="testSetters" classname="LogicielTest" time="0.001"/>
</testsuite>